<?xml version="1.0" encoding="UTF-8"?>
<robot generator="Robot 4.0.1 (Python 3.8.5 on darwin)" generated="20210615 09:40:14.055" rpa="false" schemaversion="2">
<suite id="s1" name="Tbt-Score-Tracker-Test" source="/Users/200018637/Robot/Sandbox/tbt-score-tracker-test">
<suite id="s1-s1" name="Test" source="/Users/200018637/Robot/Sandbox/tbt-score-tracker-test/test">
<suite id="s1-s1-s1" name="Live-Scorer-Tests" source="/Users/200018637/Robot/Sandbox/tbt-score-tracker-test/test/live-scorer-tests.robot">
<test id="s1-s1-s1-t1" name="Get Started">
<kw name="Open Browser" library="SeleniumLibrary">
<arg>${app-url}</arg>
<arg>chrome</arg>
<doc>Opens a new browser instance to the optional ``url``.</doc>
<msg timestamp="20210615 09:40:14.260" level="INFO">Opening browser 'chrome' to base url 'https://tbt-live-scorer.web.app/#/'.</msg>
<status status="PASS" starttime="20210615 09:40:14.260" endtime="20210615 09:40:20.581"/>
</kw>
<kw name="Clear All Catches">
<kw name="Click Element" library="SeleniumLibrary">
<arg>//*/button[@class = 'btn btn-danger btn-sm']</arg>
<doc>Click the element identified by ``locator``.</doc>
<msg timestamp="20210615 09:40:20.583" level="INFO">Clicking element '//*/button[@class = 'btn btn-danger btn-sm']'.</msg>
<status status="PASS" starttime="20210615 09:40:20.582" endtime="20210615 09:40:20.626"/>
</kw>
<kw name="Sleep" library="BuiltIn">
<arg>3s</arg>
<doc>Pauses the test executed for the given time.</doc>
<msg timestamp="20210615 09:40:23.628" level="INFO">Slept 3 seconds</msg>
<status status="PASS" starttime="20210615 09:40:20.626" endtime="20210615 09:40:23.629"/>
</kw>
<status status="PASS" starttime="20210615 09:40:20.581" endtime="20210615 09:40:23.629"/>
</kw>
<kw name="Select Angler On Home Page">
<arg>GARY</arg>
<kw name="Click Element" library="SeleniumLibrary">
<arg>//*/button[text() = '${SPACE}${anglerName}${SPACE}']</arg>
<doc>Click the element identified by ``locator``.</doc>
<msg timestamp="20210615 09:40:23.631" level="INFO">Clicking element '//*/button[text() = ' GARY ']'.</msg>
<status status="PASS" starttime="20210615 09:40:23.630" endtime="20210615 09:40:23.666"/>
</kw>
<status status="PASS" starttime="20210615 09:40:23.629" endtime="20210615 09:40:23.667"/>
</kw>
<kw name="Go To Home Page">
<kw name="Go To" library="SeleniumLibrary">
<arg>${app-url}</arg>
<doc>Navigates the current browser window to the provided ``url``.</doc>
<msg timestamp="20210615 09:40:23.667" level="INFO">Opening url 'https://tbt-live-scorer.web.app/#/'</msg>
<status status="PASS" starttime="20210615 09:40:23.667" endtime="20210615 09:40:23.957"/>
</kw>
<status status="PASS" starttime="20210615 09:40:23.667" endtime="20210615 09:40:23.957"/>
</kw>
<kw name="Select Angler On Home Page">
<arg>JASON</arg>
<kw name="Click Element" library="SeleniumLibrary">
<arg>//*/button[text() = '${SPACE}${anglerName}${SPACE}']</arg>
<doc>Click the element identified by ``locator``.</doc>
<msg timestamp="20210615 09:40:23.958" level="INFO">Clicking element '//*/button[text() = ' JASON ']'.</msg>
<status status="PASS" starttime="20210615 09:40:23.958" endtime="20210615 09:40:23.993"/>
</kw>
<status status="PASS" starttime="20210615 09:40:23.957" endtime="20210615 09:40:23.993"/>
</kw>
<kw name="Go To Home Page">
<kw name="Go To" library="SeleniumLibrary">
<arg>${app-url}</arg>
<doc>Navigates the current browser window to the provided ``url``.</doc>
<msg timestamp="20210615 09:40:23.994" level="INFO">Opening url 'https://tbt-live-scorer.web.app/#/'</msg>
<status status="PASS" starttime="20210615 09:40:23.994" endtime="20210615 09:40:24.220"/>
</kw>
<status status="PASS" starttime="20210615 09:40:23.993" endtime="20210615 09:40:24.220"/>
</kw>
<kw name="Select Angler On Home Page">
<arg>JOE</arg>
<kw name="Click Element" library="SeleniumLibrary">
<arg>//*/button[text() = '${SPACE}${anglerName}${SPACE}']</arg>
<doc>Click the element identified by ``locator``.</doc>
<msg timestamp="20210615 09:40:24.221" level="INFO">Clicking element '//*/button[text() = ' JOE ']'.</msg>
<status status="PASS" starttime="20210615 09:40:24.221" endtime="20210615 09:40:24.253"/>
</kw>
<status status="PASS" starttime="20210615 09:40:24.220" endtime="20210615 09:40:24.253"/>
</kw>
<kw name="Go To Home Page">
<kw name="Go To" library="SeleniumLibrary">
<arg>${app-url}</arg>
<doc>Navigates the current browser window to the provided ``url``.</doc>
<msg timestamp="20210615 09:40:24.254" level="INFO">Opening url 'https://tbt-live-scorer.web.app/#/'</msg>
<status status="PASS" starttime="20210615 09:40:24.254" endtime="20210615 09:40:24.290"/>
</kw>
<status status="PASS" starttime="20210615 09:40:24.253" endtime="20210615 09:40:24.290"/>
</kw>
<kw name="Select Angler On Home Page">
<arg>KEVINs</arg>
<kw name="Click Element" library="SeleniumLibrary">
<arg>//*/button[text() = '${SPACE}${anglerName}${SPACE}']</arg>
<doc>Click the element identified by ``locator``.</doc>
<msg timestamp="20210615 09:40:24.291" level="INFO">Clicking element '//*/button[text() = ' KEVINs ']'.</msg>
<kw name="Capture Page Screenshot" library="SeleniumLibrary">
<doc>Takes a screenshot of the current page and embeds it into a log file.</doc>
<msg timestamp="20210615 09:40:24.455" level="INFO" html="true">&lt;/td&gt;&lt;/tr&gt;&lt;tr&gt;&lt;td colspan="3"&gt;&lt;a href="selenium-screenshot-3.png"&gt;&lt;img src="selenium-screenshot-3.png" width="800px"&gt;&lt;/a&gt;</msg>
<status status="PASS" starttime="20210615 09:40:24.306" endtime="20210615 09:40:24.455"/>
</kw>
<msg timestamp="20210615 09:40:24.462" level="FAIL">Element with locator '//*/button[text() = ' KEVINs ']' not found.</msg>
<status status="FAIL" starttime="20210615 09:40:24.291" endtime="20210615 09:40:24.462"/>
</kw>
<status status="FAIL" starttime="20210615 09:40:24.290" endtime="20210615 09:40:24.462"/>
</kw>
<status status="FAIL" starttime="20210615 09:40:14.259" endtime="20210615 09:40:24.463">Element with locator '//*/button[text() = ' KEVINs ']' not found.</status>
</test>
<status status="FAIL" starttime="20210615 09:40:14.082" endtime="20210615 09:40:24.464"/>
</suite>
<status status="FAIL" starttime="20210615 09:40:14.081" endtime="20210615 09:40:24.465"/>
</suite>
<status status="FAIL" starttime="20210615 09:40:14.057" endtime="20210615 09:40:24.465"/>
</suite>
<statistics>
<total>
<stat pass="0" fail="1" skip="0">All Tests</stat>
</total>
<tag>
</tag>
<suite>
<stat pass="0" fail="1" skip="0" id="s1" name="Tbt-Score-Tracker-Test">Tbt-Score-Tracker-Test</stat>
<stat pass="0" fail="1" skip="0" id="s1-s1" name="Test">Tbt-Score-Tracker-Test.Test</stat>
<stat pass="0" fail="1" skip="0" id="s1-s1-s1" name="Live-Scorer-Tests">Tbt-Score-Tracker-Test.Test.Live-Scorer-Tests</stat>
</suite>
</statistics>
<errors>
</errors>
</robot>
